This is pdfTeX, Version 3.14159265-2.6-1.40.18 (TeX Live 2017) (preloaded format=pdflatex 2017.6.27)  12 FEB 2019 17:56
entering extended mode
 restricted \write18 enabled.
 %&-line parsing enabled.
**/Users/ms08962476/Latex_report/MOST_finalreport/notes/tmp/finalReport_temp.te
x

(/Users/ms08962476/Latex_report/MOST_finalreport/notes/tmp/finalReport_temp.tex
LaTeX2e <2017-04-15>
Babel <3.10> and hyphenation patterns for 84 language(s) loaded.
(/Users/ms08962476/Latex_report/MOST_finalreport/notes/general/cms-tdr.cls
=======================================================
 
 CMS TDR/NOTE style. Version 268169
 
 Lucas Taylor, 2014-11-18
 
=======================================================
Document Class: cms-tdr 2006/12/21
(/usr/local/texlive/2017/texmf-dist/tex/latex/base/ifthen.sty
Package: ifthen 2014/09/29 v1.1c Standard LaTeX ifthen package (DPC)
)
Using article 12pt\ option
Using article twoside\ option
Using article a4paper\ option
Not using cms note sub-class
(/usr/local/texlive/2017/texmf-dist/tex/latex/base/article.cls
Document Class: article 2014/09/29 v1.4h Standard LaTeX document class
(/usr/local/texlive/2017/texmf-dist/tex/latex/base/size12.clo
File: size12.clo 2014/09/29 v1.4h Standard LaTeX file (size option)
)
\c@part=\count79
\c@section=\count80
\c@subsection=\count81
\c@subsubsection=\count82
\c@paragraph=\count83
\c@subparagraph=\count84
\c@figure=\count85
\c@table=\count86
\abovecaptionskip=\skip41
\belowcaptionskip=\skip42
\bibindent=\dimen102
) (/usr/local/texlive/2017/texmf-dist/tex/latex/fancybox/fancybox.sty
Package: fancybox 2010/05/15 1.4
Style option: `fancybox' v1.4 <2010/05/15> (tvz)
\@fancybox=\box26
\shadowsize=\dimen103
\@Sbox=\box27
\do@VerbBox=\toks14
\the@fancyput=\toks15
\this@fancyput=\toks16
\EndVerbatimTokens=\toks17
\Verbatim@Outfile=\write3
\Verbatim@Infile=\read1
) (/usr/local/texlive/2017/texmf-dist/tex/latex/tools/multicol.sty
Package: multicol 2017/04/11 v1.8q multicolumn formatting (FMi)
\c@tracingmulticols=\count87
\mult@box=\box28
\multicol@leftmargin=\dimen104
\c@unbalance=\count88
\c@collectmore=\count89
\doublecol@number=\count90
\multicoltolerance=\count91
\multicolpretolerance=\count92
\full@width=\dimen105
\page@free=\dimen106
\premulticols=\dimen107
\postmulticols=\dimen108
\multicolsep=\skip43
\multicolbaselineskip=\skip44
\partial@page=\box29
\last@line=\box30
\maxbalancingoverflow=\dimen109
\mult@rightbox=\box31
\mult@grightbox=\box32
\mult@gfirstbox=\box33
\mult@firstbox=\box34
\@tempa=\box35
\@tempa=\box36
\@tempa=\box37
\@tempa=\box38
\@tempa=\box39
\@tempa=\box40
\@tempa=\box41
\@tempa=\box42
\@tempa=\box43
\@tempa=\box44
\@tempa=\box45
\@tempa=\box46
\@tempa=\box47
\@tempa=\box48
\@tempa=\box49
\@tempa=\box50
\@tempa=\box51
\c@columnbadness=\count93
\c@finalcolumnbadness=\count94
\last@try=\dimen110
\multicolovershoot=\dimen111
\multicolundershoot=\dimen112
\mult@nat@firstbox=\box52
\colbreak@box=\box53
\mc@col@check@num=\count95
) (/usr/local/texlive/2017/texmf-dist/tex/latex/tools/longtable.sty
Package: longtable 2014/10/28 v4.11 Multi-page Table package (DPC)
\LTleft=\skip45
\LTright=\skip46
\LTpre=\skip47
\LTpost=\skip48
\LTchunksize=\count96
\LTcapwidth=\dimen113
\LT@head=\box54
\LT@firsthead=\box55
\LT@foot=\box56
\LT@lastfoot=\box57
\LT@cols=\count97
\LT@rows=\count98
\c@LT@tables=\count99
\c@LT@chunks=\count100
\LT@p@ftn=\toks18
) (/usr/local/texlive/2017/texmf-dist/tex/latex/tools/array.sty
Package: array 2016/10/06 v2.4d Tabular extension package (FMi)
\col@sep=\dimen114
\extrarowheight=\dimen115
\NC@list=\toks19
\extratabsurround=\skip49
\backup@length=\skip50
) (/usr/local/texlive/2017/texmf-dist/tex/latex/lineno/lineno.sty
Package: lineno 2005/11/02 line numbers on paragraphs v4.41
\linenopenalty=\count101
\output=\toks20
\linenoprevgraf=\count102
\linenumbersep=\dimen116
\linenumberwidth=\dimen117
\c@linenumber=\count103
\c@pagewiselinenumber=\count104
\c@LN@truepage=\count105
\c@internallinenumber=\count106
\c@internallinenumbers=\count107
\quotelinenumbersep=\dimen118
\bframerule=\dimen119
\bframesep=\dimen120
\bframebox=\box58
LaTeX Info: Redefining \\ on input line 3056.
) (/usr/local/texlive/2017/texmf-dist/tex/latex/fancyhdr/fancyhdr.sty
Package: fancyhdr 2016/09/06 3.8 Extensive control of page headers and footers
\fancy@headwidth=\skip51
\f@ncyO@elh=\skip52
\f@ncyO@erh=\skip53
\f@ncyO@olh=\skip54
\f@ncyO@orh=\skip55
\f@ncyO@elf=\skip56
\f@ncyO@erf=\skip57
\f@ncyO@olf=\skip58
\f@ncyO@orf=\skip59
) (/usr/local/texlive/2017/texmf-dist/tex/latex/subfig/subfig.sty
Package: subfig 2005/06/28 ver: 1.3 subfig package
(/usr/local/texlive/2017/texmf-dist/tex/latex/graphics/keyval.sty
Package: keyval 2014/10/28 v1.15 key=value parser (DPC)
\KV@toks@=\toks21
) (/usr/local/texlive/2017/texmf-dist/tex/latex/caption/caption.sty
Package: caption 2016/02/21 v3.3-144 Customizing captions (AR)
(/usr/local/texlive/2017/texmf-dist/tex/latex/caption/caption3.sty
Package: caption3 2016/05/22 v1.7-166 caption3 kernel (AR)
Package caption3 Info: TeX engine: e-TeX on input line 67.
\captionmargin=\dimen121
\captionmargin@=\dimen122
\captionwidth=\dimen123
\caption@tempdima=\dimen124
\caption@indent=\dimen125
\caption@parindent=\dimen126
\caption@hangindent=\dimen127
)
\c@ContinuedFloat=\count108
Package caption Info: longtable package is loaded.
(/usr/local/texlive/2017/texmf-dist/tex/latex/caption/ltcaption.sty
Package: ltcaption 2013/06/09 v1.4-94 longtable captions (AR)
))
\c@KVtest=\count109
\sf@farskip=\skip60
\sf@captopadj=\dimen128
\sf@capskip=\skip61
\sf@nearskip=\skip62
\c@subfigure=\count110
\c@subfigure@save=\count111
\c@lofdepth=\count112
\c@subtable=\count113
\c@subtable@save=\count114
\c@lotdepth=\count115
\sf@top=\skip63
\sf@bottom=\skip64
) (/usr/local/texlive/2017/texmf-dist/tex/latex/tools/xspace.sty
Package: xspace 2014/10/28 v1.13 Space after command names (DPC,MH)
) (/usr/local/texlive/2017/texmf-dist/tex/latex/multirow/multirow.sty
Package: multirow 2016/11/25 v2.2 Span multiple rows of a table
\multirow@colwidth=\skip65
\multirow@cntb=\count116
\multirow@dima=\skip66
\bigstrutjot=\dimen129
) (/usr/local/texlive/2017/texmf-dist/tex/latex/tools/dcolumn.sty
Package: dcolumn 2014/10/28 v1.06 decimal alignment package (DPC)
) (/usr/local/texlive/2017/texmf-dist/tex/latex/xcolor/xcolor.sty
Package: xcolor 2016/05/11 v2.12 LaTeX color extensions (UK)
(/usr/local/texlive/2017/texmf-dist/tex/latex/graphics-cfg/color.cfg
File: color.cfg 2016/01/02 v1.6 sample color configuration
)
Package xcolor Info: Package option `usenames' ignored on input line 216.
Package xcolor Info: Driver file: pdftex.def on input line 225.
(/usr/local/texlive/2017/texmf-dist/tex/latex/graphics-def/pdftex.def
File: pdftex.def 2017/01/12 v0.06k Graphics/color for pdfTeX
(/usr/local/texlive/2017/texmf-dist/tex/generic/oberdiek/infwarerr.sty
Package: infwarerr 2016/05/16 v1.4 Providing info/warning/error messages (HO)
) (/usr/local/texlive/2017/texmf-dist/tex/generic/oberdiek/ltxcmds.sty
Package: ltxcmds 2016/05/16 v1.23 LaTeX kernel commands for general use (HO)
)
\Gread@gobject=\count117
) (/usr/local/texlive/2017/texmf-dist/tex/latex/colortbl/colortbl.sty
Package: colortbl 2012/02/13 v1.0a Color table columns (DPC)
\everycr=\toks22
\minrowclearance=\skip67
)
\rownum=\count118
Package xcolor Info: Model `cmy' substituted by `cmy0' on input line 1348.
Package xcolor Info: Model `hsb' substituted by `rgb' on input line 1352.
Package xcolor Info: Model `RGB' extended on input line 1364.
Package xcolor Info: Model `HTML' substituted by `rgb' on input line 1366.
Package xcolor Info: Model `Hsb' substituted by `hsb' on input line 1367.
Package xcolor Info: Model `tHsb' substituted by `hsb' on input line 1368.
Package xcolor Info: Model `HSB' substituted by `hsb' on input line 1369.
Package xcolor Info: Model `Gray' substituted by `gray' on input line 1370.
Package xcolor Info: Model `wave' substituted by `hsb' on input line 1371.
(/usr/local/texlive/2017/texmf-dist/tex/latex/graphics/dvipsnam.def
File: dvipsnam.def 2016/06/17 v3.0m Driver-dependent file (DPC,SPQR)
)) (/usr/local/texlive/2017/texmf-dist/tex/latex/amsmath/amsmath.sty
Package: amsmath 2016/11/05 v2.16a AMS math features
\@mathmargin=\skip68
For additional information on amsmath, use the `?' option.
(/usr/local/texlive/2017/texmf-dist/tex/latex/amsmath/amstext.sty
Package: amstext 2000/06/29 v2.01 AMS text
(/usr/local/texlive/2017/texmf-dist/tex/latex/amsmath/amsgen.sty
File: amsgen.sty 1999/11/30 v2.0 generic functions
\@emptytoks=\toks23
\ex@=\dimen130
)) (/usr/local/texlive/2017/texmf-dist/tex/latex/amsmath/amsbsy.sty
Package: amsbsy 1999/11/29 v1.2d Bold Symbols
\pmbraise@=\dimen131
) (/usr/local/texlive/2017/texmf-dist/tex/latex/amsmath/amsopn.sty
Package: amsopn 2016/03/08 v2.02 operator names
)
\inf@bad=\count119
LaTeX Info: Redefining \frac on input line 213.
\uproot@=\count120
\leftroot@=\count121
LaTeX Info: Redefining \overline on input line 375.
\classnum@=\count122
\DOTSCASE@=\count123
LaTeX Info: Redefining \ldots on input line 472.
LaTeX Info: Redefining \dots on input line 475.
LaTeX Info: Redefining \cdots on input line 596.
\Mathstrutbox@=\box59
\strutbox@=\box60
\big@size=\dimen132
LaTeX Font Info:    Redeclaring font encoding OML on input line 712.
LaTeX Font Info:    Redeclaring font encoding OMS on input line 713.
\macc@depth=\count124
\c@MaxMatrixCols=\count125
\dotsspace@=\muskip10
\c@parentequation=\count126
\dspbrk@lvl=\count127
\tag@help=\toks24
\row@=\count128
\column@=\count129
\maxfields@=\count130
\andhelp@=\toks25
\eqnshift@=\dimen133
\alignsep@=\dimen134
\tagshift@=\dimen135
\tagwidth@=\dimen136
\totwidth@=\dimen137
\lineht@=\dimen138
\@envbody=\toks26
\multlinegap=\skip69
\multlinetaggap=\skip70
\mathdisplay@stack=\toks27
LaTeX Info: Redefining \[ on input line 2817.
LaTeX Info: Redefining \] on input line 2818.
) (/usr/local/texlive/2017/texmf-dist/tex/latex/amsfonts/amssymb.sty
Package: amssymb 2013/01/14 v3.01 AMS font symbols
(/usr/local/texlive/2017/texmf-dist/tex/latex/amsfonts/amsfonts.sty
Package: amsfonts 2013/01/14 v3.01 Basic AMSFonts support
\symAMSa=\mathgroup4
\symAMSb=\mathgroup5
LaTeX Font Info:    Overwriting math alphabet `\mathfrak' in version `bold'
(Font)                  U/euf/m/n --> U/euf/b/n on input line 106.
))
(/Users/ms08962476/Latex_report/MOST_finalreport/notes/general/pennames-pazo.st
y) (/Users/ms08962476/Latex_report/MOST_finalreport/notes/general/topcapt.sty
Package: topcapt 2004/12/11 v1.2 Caption at top of float
)
(/Users/ms08962476/Latex_report/MOST_finalreport/notes/general/ptdr-definitions
.sty
Package: ptdr-definitions 2014/12/03 CMS Additional Macro Definitions (270174)
) (/usr/local/texlive/2017/texmf-dist/tex/latex/psnfss/palatino.sty
Package: palatino 2005/04/12 PSNFSS-v9.2a (SPQR) 
) (/usr/local/texlive/2017/texmf-dist/tex/latex/psnfss/mathpazo.sty
Package: mathpazo 2005/04/12 PSNFSS-v9.2a Palatino w/ Pazo Math (D.Puga, WaS) 
\symupright=\mathgroup6
) (/usr/local/texlive/2017/texmf-dist/tex/latex/psnfss/helvet.sty
Package: helvet 2005/04/12 PSNFSS-v9.2a (WaS) 
) (/usr/local/texlive/2017/texmf-dist/tex/latex/sectsty/sectsty.sty
Package: sectsty 2002/02/25 v2.0.2 Commands to change all sectional heading sty
les
) (/usr/local/texlive/2017/texmf-dist/tex/latex/tools/verbatim.sty
Package: verbatim 2014/10/28 v1.5q LaTeX2e package for verbatim enhancements
\every@verbatim=\toks28
\verbatim@line=\toks29
\verbatim@in@stream=\read2
)
\parskipsaved=\skip71
(/usr/local/texlive/2017/texmf-dist/tex/latex/graphics/graphicx.sty
Package: graphicx 2014/10/28 v1.0g Enhanced LaTeX Graphics (DPC,SPQR)
(/usr/local/texlive/2017/texmf-dist/tex/latex/graphics/graphics.sty
Package: graphics 2017/04/14 v1.1b Standard LaTeX Graphics (DPC,SPQR)
(/usr/local/texlive/2017/texmf-dist/tex/latex/graphics/trig.sty
Package: trig 2016/01/03 v1.10 sin cos tan (DPC)
) (/usr/local/texlive/2017/texmf-dist/tex/latex/graphics-cfg/graphics.cfg
File: graphics.cfg 2016/06/04 v1.11 sample graphics configuration
)
Package graphics Info: Driver file: pdftex.def on input line 99.
)
\Gin@req@height=\dimen139
\Gin@req@width=\dimen140
) (/usr/local/texlive/2017/texmf-dist/tex/latex/graphics/lscape.sty
Package: lscape 2000/10/22 v3.01 Landscape Pages (DPC)
) (/usr/local/texlive/2017/texmf-dist/tex/latex/graphics/rotating.sty
Package: rotating 2016/08/11 v2.16d rotated objects in LaTeX
\c@r@tfl@t=\count131
\rotFPtop=\skip72
\rotFPbot=\skip73
\rot@float@box=\box61
\rot@mess@toks=\toks30
) (/usr/local/texlive/2017/texmf-dist/tex/latex/hyperref/hyperref.sty
Package: hyperref 2017/03/14 v6.85a Hypertext links for LaTeX
(/usr/local/texlive/2017/texmf-dist/tex/generic/oberdiek/hobsub-hyperref.sty
Package: hobsub-hyperref 2016/05/16 v1.14 Bundle oberdiek, subset hyperref (HO)

(/usr/local/texlive/2017/texmf-dist/tex/generic/oberdiek/hobsub-generic.sty
Package: hobsub-generic 2016/05/16 v1.14 Bundle oberdiek, subset generic (HO)
Package: hobsub 2016/05/16 v1.14 Construct package bundles (HO)
Package hobsub Info: Skipping package `infwarerr' (already loaded).
Package hobsub Info: Skipping package `ltxcmds' (already loaded).
Package: ifluatex 2016/05/16 v1.4 Provides the ifluatex switch (HO)
Package ifluatex Info: LuaTeX not detected.
Package: ifvtex 2016/05/16 v1.6 Detect VTeX and its facilities (HO)
Package ifvtex Info: VTeX not detected.
Package: intcalc 2016/05/16 v1.2 Expandable calculations with integers (HO)
Package: ifpdf 2017/03/15 v3.2 Provides the ifpdf switch
Package: etexcmds 2016/05/16 v1.6 Avoid name clashes with e-TeX commands (HO)
Package etexcmds Info: Could not find \expanded.
(etexcmds)             That can mean that you are not using pdfTeX 1.50 or
(etexcmds)             that some package has redefined \expanded.
(etexcmds)             In the latter case, load this package earlier.
Package: kvsetkeys 2016/05/16 v1.17 Key value parser (HO)
Package: kvdefinekeys 2016/05/16 v1.4 Define keys (HO)
Package: pdftexcmds 2017/03/19 v0.25 Utility functions of pdfTeX for LuaTeX (HO
)
Package pdftexcmds Info: LuaTeX not detected.
Package pdftexcmds Info: \pdf@primitive is available.
Package pdftexcmds Info: \pdf@ifprimitive is available.
Package pdftexcmds Info: \pdfdraftmode found.
Package: pdfescape 2016/05/16 v1.14 Implements pdfTeX's escape features (HO)
Package: bigintcalc 2016/05/16 v1.4 Expandable calculations on big integers (HO
)
Package: bitset 2016/05/16 v1.2 Handle bit-vector datatype (HO)
Package: uniquecounter 2016/05/16 v1.3 Provide unlimited unique counter (HO)
)
Package hobsub Info: Skipping package `hobsub' (already loaded).
Package: letltxmacro 2016/05/16 v1.5 Let assignment for LaTeX macros (HO)
Package: hopatch 2016/05/16 v1.3 Wrapper for package hooks (HO)
Package: xcolor-patch 2016/05/16 xcolor patch
Package: atveryend 2016/05/16 v1.9 Hooks at the very end of document (HO)
Package atveryend Info: \enddocument detected (standard20110627).
Package: atbegshi 2016/06/09 v1.18 At begin shipout hook (HO)
Package: refcount 2016/05/16 v3.5 Data extraction from label references (HO)
Package: hycolor 2016/05/16 v1.8 Color options for hyperref/bookmark (HO)
) (/usr/local/texlive/2017/texmf-dist/tex/generic/ifxetex/ifxetex.sty
Package: ifxetex 2010/09/12 v0.6 Provides ifxetex conditional
) (/usr/local/texlive/2017/texmf-dist/tex/latex/oberdiek/auxhook.sty
Package: auxhook 2016/05/16 v1.4 Hooks for auxiliary files (HO)
) (/usr/local/texlive/2017/texmf-dist/tex/latex/oberdiek/kvoptions.sty
Package: kvoptions 2016/05/16 v3.12 Key value format for package options (HO)
)
\@linkdim=\dimen141
\Hy@linkcounter=\count132
\Hy@pagecounter=\count133
(/usr/local/texlive/2017/texmf-dist/tex/latex/hyperref/pd1enc.def
File: pd1enc.def 2017/03/14 v6.85a Hyperref: PDFDocEncoding definition (HO)
)
\Hy@SavedSpaceFactor=\count134
(/usr/local/texlive/2017/texmf-dist/tex/latex/latexconfig/hyperref.cfg
File: hyperref.cfg 2002/06/06 v1.2 hyperref configuration of TeXLive
)
Package hyperref Info: Option `final' set `true' on input line 4374.
Package hyperref Info: Option `bookmarksnumbered' set `true' on input line 4374
.
Package hyperref Info: Option `bookmarksopen' set `true' on input line 4374.
Package hyperref Info: Option `colorlinks' set `false' on input line 4374.
Package hyperref Info: Option `plainpages' set `false' on input line 4374.
Package hyperref Info: Option `pdfpagelabels' set `true' on input line 4374.
Package hyperref Info: Hyper figures OFF on input line 4498.
Package hyperref Info: Link nesting OFF on input line 4503.
Package hyperref Info: Hyper index ON on input line 4506.
Package hyperref Info: Plain pages OFF on input line 4513.
Package hyperref Info: Backreferencing OFF on input line 4518.
Package hyperref Info: Implicit mode ON; LaTeX internals redefined.
Package hyperref Info: Bookmarks ON on input line 4751.
\c@Hy@tempcnt=\count135
(/usr/local/texlive/2017/texmf-dist/tex/latex/url/url.sty
\Urlmuskip=\muskip11
Package: url 2013/09/16  ver 3.4  Verb mode for urls, etc.
)
LaTeX Info: Redefining \url on input line 5104.
\XeTeXLinkMargin=\dimen142
\Fld@menulength=\count136
\Field@Width=\dimen143
\Fld@charsize=\dimen144
Package hyperref Info: Hyper figures OFF on input line 6358.
Package hyperref Info: Link nesting OFF on input line 6363.
Package hyperref Info: Hyper index ON on input line 6366.
Package hyperref Info: backreferencing OFF on input line 6373.
Package hyperref Info: Link coloring OFF on input line 6378.
Package hyperref Info: Link coloring with OCG OFF on input line 6383.
Package hyperref Info: PDF/A mode OFF on input line 6388.
LaTeX Info: Redefining \ref on input line 6428.
LaTeX Info: Redefining \pageref on input line 6432.
\Hy@abspage=\count137
\c@Item=\count138
\c@Hfootnote=\count139
)

Package hyperref Message: Driver (autodetected): hpdftex.

(/usr/local/texlive/2017/texmf-dist/tex/latex/hyperref/hpdftex.def
File: hpdftex.def 2017/03/14 v6.85a Hyperref driver for pdfTeX
\Fld@listcount=\count140
\c@bookmark@seq@number=\count141
(/usr/local/texlive/2017/texmf-dist/tex/latex/oberdiek/rerunfilecheck.sty
Package: rerunfilecheck 2016/05/16 v1.8 Rerun checks for auxiliary files (HO)
Package uniquecounter Info: New unique counter `rerunfilecheck' on input line 2
82.
)
\Hy@SectionHShift=\skip74
) (/usr/local/texlive/2017/texmf-dist/tex/latex/natbib/natbib.sty
Package: natbib 2010/09/13 8.31b (PWD, AO)
\bibhang=\skip75
\bibsep=\skip76
LaTeX Info: Redefining \cite on input line 694.
\c@NAT@ctr=\count142
)
Defining CMS Note commands
\cmsinstskip=\skip77
\cmsauthskip=\skip78
\c@author=\count143
\c@address=\count144
\CMSabstractbox=\box62
)
(/Users/ms08962476/Latex_report/MOST_finalreport/notes/tmp/finalReport_temp.aux

LaTeX Warning: Label `fig:PCB_injection_pulse_study' multiply defined.

)
\openout1 = `finalReport_temp.aux'.

LaTeX Font Info:    Checking defaults for OML/cmm/m/it on input line 16.
LaTeX Font Info:    ... okay on input line 16.
LaTeX Font Info:    Checking defaults for T1/cmr/m/n on input line 16.
LaTeX Font Info:    ... okay on input line 16.
LaTeX Font Info:    Checking defaults for OT1/cmr/m/n on input line 16.
LaTeX Font Info:    ... okay on input line 16.
LaTeX Font Info:    Checking defaults for OMS/cmsy/m/n on input line 16.
LaTeX Font Info:    ... okay on input line 16.
LaTeX Font Info:    Checking defaults for OMX/cmex/m/n on input line 16.
LaTeX Font Info:    ... okay on input line 16.
LaTeX Font Info:    Checking defaults for U/cmr/m/n on input line 16.
LaTeX Font Info:    ... okay on input line 16.
LaTeX Font Info:    Checking defaults for PD1/pdf/m/n on input line 16.
LaTeX Font Info:    ... okay on input line 16.
LaTeX Font Info:    Try loading font information for OT1+ppl on input line 16.
LaTeX Font Info:    <567INP ot1ppl.fd> on input line 16.
(/usr/local/texlive/2017/texmf-dist/tex/latex/psnfss/ot1ppl.fd
File: ot1ppl.fd 2001/06/04 font definitions for OT1/ppl.
)
Package caption Info: Begin \AtBeginDocument code.
Package caption Info: subfig package v1.3 is loaded.
Package caption Info: `topcapt' package detected; setting `position=b' for comp
atibility reasons.
Package caption Info: hyperref package is loaded.
Package caption Info: rotating package is loaded.
Package caption Info: End \AtBeginDocument code.
<567INP supp-pdf.mkii>
(/usr/local/texlive/2017/texmf-dist/tex/context/base/mkii/supp-pdf.mkii
[Loading MPS to PDF converter (version 2006.09.02).]
\scratchcounter=\count145
\scratchdimen=\dimen145
\scratchbox=\box63
\nofMPsegments=\count146
\nofMParguments=\count147
\everyMPshowfont=\toks31
\MPscratchCnt=\count148
\MPscratchDim=\dimen146
\MPnumerator=\count149
\makeMPintoPDFobject=\count150
\everyMPtoPDFconversion=\toks32
)
<567INP epstopdf-base.sty>
(/usr/local/texlive/2017/texmf-dist/tex/latex/oberdiek/epstopdf-base.sty
Package: epstopdf-base 2016/05/15 v2.6 Base part for package epstopdf
<567INP grfext.sty>
(/usr/local/texlive/2017/texmf-dist/tex/latex/oberdiek/grfext.sty
Package: grfext 2016/05/16 v1.2 Manage graphics extensions (HO)
)
Package epstopdf-base Info: Redefining graphics rule for `.eps' on input line 4
38.
Package grfext Info: Graphics extension search list:
(grfext)             [.pdf,.PDF,.png,.PNG,.jpg,.JPG,.jpeg,.JPEG,.eps]
(grfext)             \AppendGraphicsExtensions on input line 456.
<567INP epstopdf-sys.cfg>
(/usr/local/texlive/2017/texmf-dist/tex/latex/latexconfig/epstopdf-sys.cfg
File: epstopdf-sys.cfg 2010/07/13 v1.3 Configuration of (r)epstopdf for TeX Liv
e
)
<567INP epstopdf.cfg>
)
\AtBeginShipoutBox=\box64
Package hyperref Info: Link coloring OFF on input line 16.
<567INP nameref.sty>
(/usr/local/texlive/2017/texmf-dist/tex/latex/hyperref/nameref.sty
Package: nameref 2016/05/21 v2.44 Cross-referencing by name of section
<567INP gettitlestring.sty>
(/usr/local/texlive/2017/texmf-dist/tex/generic/oberdiek/gettitlestring.sty
Package: gettitlestring 2016/05/16 v1.5 Cleanup title references (HO)
<567INP gettitlestring.cfg>
)
\c@section@level=\count151
)
LaTeX Info: Redefining \ref on input line 16.
LaTeX Info: Redefining \pageref on input line 16.
LaTeX Info: Redefining \nameref on input line 16.
<567INP finalReport_temp.out>

(/Users/ms08962476/Latex_report/MOST_finalreport/notes/tmp/finalReport_temp.out
)
<567INP finalReport_temp.out>

(/Users/ms08962476/Latex_report/MOST_finalreport/notes/tmp/finalReport_temp.out
)
\@outlinefile=\write4
\openout4 = `finalReport_temp.out'.

\cmsFigWidth=\skip79

! LaTeX Error: Command \mJ already defined.
               Or name \end... illegal, see p.192 of the manual.

See the LaTeX manual or LaTeX Companion for explanation.
Type  H <return>  for immediate help.
 ...                                              
                                                  
l.86 \newcommand{\mJ}{\ensuremath{m_{\text{jet}}}}
                                                  %
Your command was ignored.
Type  I <command> <return>  to replace it with another command,
or  <return>  to continue without it.


! LaTeX Error: Command \nsubj already defined.
               Or name \end... illegal, see p.192 of the manual.

See the LaTeX manual or LaTeX Companion for explanation.
Type  H <return>  for immediate help.
 ...                                              
                                                  
l.87 \newcommand{\nsubj}{\ensuremath{\tau_{21}}}
                                                %
Your command was ignored.
Type  I <command> <return>  to replace it with another command,
or  <return>  to continue without it.


! LaTeX Error: Command \qqbarpr already defined.
               Or name \end... illegal, see p.192 of the manual.

See the LaTeX manual or LaTeX Companion for explanation.
Type  H <return>  for immediate help.
 ...                                              
                                                  
l.101 ...pr}{\ensuremath{\Pq\Paq^({}'^){}}\xspace}
                                                  
Your command was ignored.
Type  I <command> <return>  to replace it with another command,
or  <return>  to continue without it.


! LaTeX Error: Command \lnujet already defined.
               Or name \end... illegal, see p.192 of the manual.

See the LaTeX manual or LaTeX Companion for explanation.
Type  H <return>  for immediate help.
 ...                                              
                                                  
l.102 ...lnujet}{\ensuremath{\ell \nu}+jet\xspace}
                                                  
Your command was ignored.
Type  I <command> <return>  to replace it with another command,
or  <return>  to continue without it.


! LaTeX Error: Command \PV already defined.
               Or name \end... illegal, see p.192 of the manual.

See the LaTeX manual or LaTeX Companion for explanation.
Type  H <return>  for immediate help.
 ...                                              
                                                  
l.104 \newcommand{\PV}{\ensuremath{\mathrm{V}}}
                                               
Your command was ignored.
Type  I <command> <return>  to replace it with another command,
or  <return>  to continue without it.


! LaTeX Error: Command \nsubj already defined.
               Or name \end... illegal, see p.192 of the manual.

See the LaTeX manual or LaTeX Companion for explanation.
Type  H <return>  for immediate help.
 ...                                              
                                                  
l.105 \newcommand{\nsubj}{\ensuremath{\tau_{21}}}
                                                 %
Your command was ignored.
Type  I <command> <return>  to replace it with another command,
or  <return>  to continue without it.


! LaTeX Error: Command \Vo already defined.
               Or name \end... illegal, see p.192 of the manual.

See the LaTeX manual or LaTeX Companion for explanation.
Type  H <return>  for immediate help.
 ...                                              
                                                  
l.106 ...mand{\Vo}{\ensuremath{\mathrm{V}}\xspace}
                                                  %
Your command was ignored.
Type  I <command> <return>  to replace it with another command,
or  <return>  to continue without it.


! LaTeX Error: Command \mVV already defined.
               Or name \end... illegal, see p.192 of the manual.

See the LaTeX manual or LaTeX Companion for explanation.
Type  H <return>  for immediate help.
 ...                                              
                                                  
l.107 ...and{\mVV}{\ensuremath{m_{\Vo\Vo}}\xspace}
                                                  %
Your command was ignored.
Type  I <command> <return>  to replace it with another command,
or  <return>  to continue without it.


! LaTeX Error: Command \ktilde already defined.
               Or name \end... illegal, see p.192 of the manual.

See the LaTeX manual or LaTeX Companion for explanation.
Type  H <return>  for immediate help.
 ...                                              
                                                  
l.109 ...emath{k/\overline{M}_\mathrm{Pl}}\xspace}
                                                  %
Your command was ignored.
Type  I <command> <return>  to replace it with another command,
or  <return>  to continue without it.


! LaTeX Error: Command \mX already defined.
               Or name \end... illegal, see p.192 of the manual.

See the LaTeX manual or LaTeX Companion for explanation.
Type  H <return>  for immediate help.
 ...                                              
                                                  
l.141 \newcommand{\mX}{\ensuremath{m_{\X}}\xspace}
                                                  
Your command was ignored.
Type  I <command> <return>  to replace it with another command,
or  <return>  to continue without it.


! LaTeX Error: Command \mjj already defined.
               Or name \end... illegal, see p.192 of the manual.

See the LaTeX manual or LaTeX Companion for explanation.
Type  H <return>  for immediate help.
 ...                                              
                                                  
l.192 ...{\mjj}{\ensuremath{m_{\text{jj}}}\xspace}
                                                  
Your command was ignored.
Type  I <command> <return>  to replace it with another command,
or  <return>  to continue without it.


! LaTeX Error: Command \X already defined.
               Or name \end... illegal, see p.192 of the manual.

See the LaTeX manual or LaTeX Companion for explanation.
Type  H <return>  for immediate help.
 ...                                              
                                                  
l.216 ...X}{\ensuremath{\cmsSymbolFace{X}}\xspace}
                                                  
Your command was ignored.
Type  I <command> <return>  to replace it with another command,
or  <return>  to continue without it.


! LaTeX Error: Command \V already defined.
               Or name \end... illegal, see p.192 of the manual.

See the LaTeX manual or LaTeX Companion for explanation.
Type  H <return>  for immediate help.
 ...                                              
                                                  
l.217 ...V}{\ensuremath{\cmsSymbolFace{V}}\xspace}
                                                  
Your command was ignored.
Type  I <command> <return>  to replace it with another command,
or  <return>  to continue without it.


! LaTeX Error: Command \h already defined.
               Or name \end... illegal, see p.192 of the manual.

See the LaTeX manual or LaTeX Companion for explanation.
Type  H <return>  for immediate help.
 ...                                              
                                                  
l.218 ...h}{\ensuremath{\cmsSymbolFace{H}}\xspace}
                                                  
Your command was ignored.
Type  I <command> <return>  to replace it with another command,
or  <return>  to continue without it.


! LaTeX Error: Command \htobb already defined.
               Or name \end... illegal, see p.192 of the manual.

See the LaTeX manual or LaTeX Companion for explanation.
Type  H <return>  for immediate help.
 ...                                              
                                                  
l.220 ...\htobb}{\ensuremath{\PH\to\bbbar}\xspace}
                                                  
Your command was ignored.
Type  I <command> <return>  to replace it with another command,
or  <return>  to continue without it.


! LaTeX Error: Command \VH already defined.
               Or name \end... illegal, see p.192 of the manual.

See the LaTeX manual or LaTeX Companion for explanation.
Type  H <return>  for immediate help.
 ...                                              
                                                  
l.221 \newcommand{\VH}{\ensuremath{\V\PH}\xspace}
                                                 
Your command was ignored.
Type  I <command> <return>  to replace it with another command,
or  <return>  to continue without it.


! LaTeX Error: Command \VV already defined.
               Or name \end... illegal, see p.192 of the manual.

See the LaTeX manual or LaTeX Companion for explanation.
Type  H <return>  for immediate help.
 ...                                              
                                                  
l.222 \newcommand{\VV}{\ensuremath{\V\V}\xspace}
                                                
Your command was ignored.
Type  I <command> <return>  to replace it with another command,
or  <return>  to continue without it.


! LaTeX Error: Command \ST already defined.
               Or name \end... illegal, see p.192 of the manual.

See the LaTeX manual or LaTeX Companion for explanation.
Type  H <return>  for immediate help.
 ...                                              
                                                  
l.223 ...mand{\ST}{\ensuremath{\text{t+X}}\xspace}
                                                  
Your command was ignored.
Type  I <command> <return>  to replace it with another command,
or  <return>  to continue without it.


! LaTeX Error: Command \Vjets already defined.
               Or name \end... illegal, see p.192 of the manual.

See the LaTeX manual or LaTeX Companion for explanation.
Type  H <return>  for immediate help.
 ...                                              
                                                  
l.224 ...jets}{\ensuremath{\V\text{+jets}}\xspace}
                                                  
Your command was ignored.
Type  I <command> <return>  to replace it with another command,
or  <return>  to continue without it.


! LaTeX Error: Command \mVH already defined.
               Or name \end... illegal, see p.192 of the manual.

See the LaTeX manual or LaTeX Companion for explanation.
Type  H <return>  for immediate help.
 ...                                              
                                                  
l.225 ...ommand{\mVH}{\ensuremath{m_{\VH}}\xspace}
                                                  
Your command was ignored.
Type  I <command> <return>  to replace it with another command,
or  <return>  to continue without it.


! LaTeX Error: Command \mX already defined.
               Or name \end... illegal, see p.192 of the manual.

See the LaTeX manual or LaTeX Companion for explanation.
Type  H <return>  for immediate help.
 ...                                              
                                                  
l.227 \newcommand{\mX}{\ensuremath{m_{\X}}\xspace}
                                                  
Your command was ignored.
Type  I <command> <return>  to replace it with another command,
or  <return>  to continue without it.


! LaTeX Error: Command \mH already defined.
               Or name \end... illegal, see p.192 of the manual.

See the LaTeX manual or LaTeX Companion for explanation.
Type  H <return>  for immediate help.
 ...                                              
                                                  
l.228 ...command{\mH}{\ensuremath{m_{\PH}}\xspace}
                                                  
Your command was ignored.
Type  I <command> <return>  to replace it with another command,
or  <return>  to continue without it.


! LaTeX Error: Command \mj already defined.
               Or name \end... illegal, see p.192 of the manual.

See the LaTeX manual or LaTeX Companion for explanation.
Type  H <return>  for immediate help.
 ...                                              
                                                  
l.229 ...{\mj}{\ensuremath{m_{\mathrm{j}}}\xspace}
                                                  
Your command was ignored.
Type  I <command> <return>  to replace it with another command,
or  <return>  to continue without it.


! LaTeX Error: Command \B already defined.
               Or name \end... illegal, see p.192 of the manual.

See the LaTeX manual or LaTeX Companion for explanation.
Type  H <return>  for immediate help.
 ...                                              
                                                  
l.230 \newcommand{\B}{\ensuremath{\mathcal{B}}}
                                               
Your command was ignored.
Type  I <command> <return>  to replace it with another command,
or  <return>  to continue without it.


! LaTeX Error: Command \MHT already defined.
               Or name \end... illegal, see p.192 of the manual.

See the LaTeX manual or LaTeX Companion for explanation.
Type  H <return>  for immediate help.
 ...                                              
                                                  
l.234 ...nsuremath{H_\text{T}^\text{miss}}\xspace}
                                                  
Your command was ignored.
Type  I <command> <return>  to replace it with another command,
or  <return>  to continue without it.


! LaTeX Error: Command \Hbb already defined.
               Or name \end... illegal, see p.192 of the manual.

See the LaTeX manual or LaTeX Companion for explanation.
Type  H <return>  for immediate help.
 ...                                              
                                                  
l.237 ...d{\Hbb}{\ensuremath{\PH\to\bbbar}\xspace}
                                                  
Your command was ignored.
Type  I <command> <return>  to replace it with another command,
or  <return>  to continue without it.


! LaTeX Error: Command \ttjets already defined.
               Or name \end... illegal, see p.192 of the manual.

See the LaTeX manual or LaTeX Companion for explanation.
Type  H <return>  for immediate help.
 ...                                              
                                                  
l.238 \newcommand{\ttjets}{\ttbar+jets\xspace}
                                              
Your command was ignored.
Type  I <command> <return>  to replace it with another command,
or  <return>  to continue without it.


! LaTeX Error: Command \intLumi already defined.
               Or name \end... illegal, see p.192 of the manual.

See the LaTeX manual or LaTeX Companion for explanation.
Type  H <return>  for immediate help.
 ...                                              
                                                  
l.239 \newcommand{\intLumi}{35.9\fbinv}
                                       
Your command was ignored.
Type  I <command> <return>  to replace it with another command,
or  <return>  to continue without it.


! LaTeX Error: Command \Hbbt already defined.
               Or name \end... illegal, see p.192 of the manual.

See the LaTeX manual or LaTeX Companion for explanation.
Type  H <return>  for immediate help.
 ...                                              
                                                  
l.240 ...ommand{\Hbbt}{double-\PQb\,tagger\xspace}
                                                  
Your command was ignored.
Type  I <command> <return>  to replace it with another command,
or  <return>  to continue without it.


! LaTeX Error: Command \mjj already defined.
               Or name \end... illegal, see p.192 of the manual.

See the LaTeX manual or LaTeX Companion for explanation.
Type  H <return>  for immediate help.
 ...                                              
                                                  
l.241 ...{\mjj}{\ensuremath{m_{\text{jj}}}\xspace}
                                                  
Your command was ignored.
Type  I <command> <return>  to replace it with another command,
or  <return>  to continue without it.


! LaTeX Error: Command \mjjs already defined.
               Or name \end... illegal, see p.192 of the manual.

See the LaTeX manual or LaTeX Companion for explanation.
Type  H <return>  for immediate help.
 ...                                              
                                                  
l.242 ...s}{\ensuremath{m_{\text{jj,red}}}\xspace}
                                                  
Your command was ignored.
Type  I <command> <return>  to replace it with another command,
or  <return>  to continue without it.


! LaTeX Error: Command \mjjred already defined.
               Or name \end... illegal, see p.192 of the manual.

See the LaTeX manual or LaTeX Companion for explanation.
Type  H <return>  for immediate help.
 ...                                              
                                                  
l.243 ...d}{\ensuremath{m_{\text{jj,red}}}\xspace}
                                                  
Your command was ignored.
Type  I <command> <return>  to replace it with another command,
or  <return>  to continue without it.


! LaTeX Error: Command \mH already defined.
               Or name \end... illegal, see p.192 of the manual.

See the LaTeX manual or LaTeX Companion for explanation.
Type  H <return>  for immediate help.
 ...                                              
                                                  
l.244 ...command{\mH}{\ensuremath{m_{\PH}}\xspace}
                                                  
Your command was ignored.
Type  I <command> <return>  to replace it with another command,
or  <return>  to continue without it.


! LaTeX Error: Command \nsub already defined.
               Or name \end... illegal, see p.192 of the manual.

See the LaTeX manual or LaTeX Companion for explanation.
Type  H <return>  for immediate help.
 ...                                              
                                                  
l.245 ...and{\nsub}{\ensuremath{\tau_{21}}\xspace}
                                                  
Your command was ignored.
Type  I <command> <return>  to replace it with another command,
or  <return>  to continue without it.


! LaTeX Error: Command \mjone already defined.
               Or name \end... illegal, see p.192 of the manual.

See the LaTeX manual or LaTeX Companion for explanation.
Type  H <return>  for immediate help.
 ...                                              
                                                  
l.246 ...ne}{\ensuremath{m_{\text{j}_{1}}}\xspace}
                                                  
Your command was ignored.
Type  I <command> <return>  to replace it with another command,
or  <return>  to continue without it.


! LaTeX Error: Command \mjtwo already defined.
               Or name \end... illegal, see p.192 of the manual.

See the LaTeX manual or LaTeX Companion for explanation.
Type  H <return>  for immediate help.
 ...                                              
                                                  
l.247 ...wo}{\ensuremath{m_{\text{j}_{2}}}\xspace}
                                                  
Your command was ignored.
Type  I <command> <return>  to replace it with another command,
or  <return>  to continue without it.


! LaTeX Error: Command \LambdaR already defined.
               Or name \end... illegal, see p.192 of the manual.

See the LaTeX manual or LaTeX Companion for explanation.
Type  H <return>  for immediate help.
 ...                                              
                                                  
l.248 ...}{\ensuremath{\Lambda_{\text{R}}}\xspace}
                                                  
Your command was ignored.
Type  I <command> <return>  to replace it with another command,
or  <return>  to continue without it.


! LaTeX Error: Command \DeltaEta already defined.
               Or name \end... illegal, see p.192 of the manual.

See the LaTeX manual or LaTeX Companion for explanation.
Type  H <return>  for immediate help.
 ...                                              
                                                  
l.249 ...\eta(\text{j}_{1}, \text{j}_{2})}\xspace}
                                                  
Your command was ignored.
Type  I <command> <return>  to replace it with another command,
or  <return>  to continue without it.


! LaTeX Error: Command \mx already defined.
               Or name \end... illegal, see p.192 of the manual.

See the LaTeX manual or LaTeX Companion for explanation.
Type  H <return>  for immediate help.
 ...                                              
                                                  
l.251 ...command{\mx}{\ensuremath{m_{\PX}}\xspace}
                                                  
Your command was ignored.
Type  I <command> <return>  to replace it with another command,
or  <return>  to continue without it.

! Too many }'s.
l.255 ...MS and the Full Simulation based on FCC}}
                                                  
You've closed more groups than you opened.
Such booboos are generally harmless, so keep going.

LaTeX Font Info:    Font shape `OT1/ppl/bx/n' in size <17.28> not available
(Font)              Font shape `OT1/ppl/b/n' tried instead on input line 293.
\c@c@author=\count152
\c@c@tmp=\count153
[1

{/usr/local/texlive/2017/texmf-var/fonts/map/pdftex/updmap/pdftex.map}] [2

]
LaTeX Font Info:    Try loading font information for OT1+phv on input line 294.

LaTeX Font Info:    <567INP ot1phv.fd> on input line 294.
(/usr/local/texlive/2017/texmf-dist/tex/latex/psnfss/ot1phv.fd
File: ot1phv.fd 2001/06/04 scalable font definitions for OT1/phv.
)
LaTeX Font Info:    Font shape `OT1/phv/bx/n' in size <17.28> not available
(Font)              Font shape `OT1/phv/b/n' tried instead on input line 294.
LaTeX Font Info:    Try loading font information for OML+zplm on input line 294
.
LaTeX Font Info:    <567INP omlzplm.fd> on input line 294.
(/usr/local/texlive/2017/texmf-dist/tex/latex/psnfss/omlzplm.fd
File: omlzplm.fd 2002/09/08 Fontinst v1.914 font definitions for OML/zplm.
)
LaTeX Font Info:    Try loading font information for OMS+zplm on input line 294
.
LaTeX Font Info:    <567INP omszplm.fd> on input line 294.
(/usr/local/texlive/2017/texmf-dist/tex/latex/psnfss/omszplm.fd
File: omszplm.fd 2002/09/08 Fontinst v1.914 font definitions for OMS/zplm.
)
LaTeX Font Info:    Try loading font information for OMX+zplm on input line 294
.
LaTeX Font Info:    <567INP omxzplm.fd> on input line 294.
(/usr/local/texlive/2017/texmf-dist/tex/latex/psnfss/omxzplm.fd
File: omxzplm.fd 2002/09/08 Fontinst v1.914 font definitions for OMX/zplm.
)
LaTeX Font Info:    Font shape `U/msa/m/n' will be
(Font)              scaled to size 12.50409pt on input line 294.
LaTeX Font Info:    Font shape `U/msa/m/n' will be
(Font)              scaled to size 9.37807pt on input line 294.
LaTeX Font Info:    Font shape `U/msa/m/n' will be
(Font)              scaled to size 7.29405pt on input line 294.
LaTeX Font Info:    Font shape `U/msb/m/n' will be
(Font)              scaled to size 12.50409pt on input line 294.
LaTeX Font Info:    Font shape `U/msb/m/n' will be
(Font)              scaled to size 9.37807pt on input line 294.
LaTeX Font Info:    Font shape `U/msb/m/n' will be
(Font)              scaled to size 7.29405pt on input line 294.
LaTeX Font Info:    Try loading font information for OT1+zplm on input line 294
.
LaTeX Font Info:    <567INP ot1zplm.fd> on input line 294.
(/usr/local/texlive/2017/texmf-dist/tex/latex/psnfss/ot1zplm.fd
File: ot1zplm.fd 2002/09/08 Fontinst v1.914 font definitions for OT1/zplm.
)
(/Users/ms08962476/Latex_report/MOST_finalreport/notes/tmp/finalReport_temp.toc
)
\tf@toc=\write5
\openout5 = `finalReport_temp.toc'.

LaTeX Font Info:    Font shape `OT1/phv/bx/n' in size <10.95> not available
(Font)              Font shape `OT1/phv/b/n' tried instead on input line 295.
LaTeX Font Info:    Font shape `OT1/phv/bx/n' in size <12> not available
(Font)              Font shape `OT1/phv/b/n' tried instead on input line 295.
[1]
LaTeX Font Info:    Font shape `OT1/phv/bx/n' in size <14.4> not available
(Font)              Font shape `OT1/phv/b/n' tried instead on input line 299.
[2]
Overfull \hbox (0.17503pt too wide) in paragraph at lines 318--319
[]\OT1/ppl/m/n/12 I did this study with Prof.Stathes Pa-ga-nis, Prof.Rong-Shaya
ng Lu, mas-ter stu-dent Chia-
 []

<789FIG PCB_study/Hexaboard.png 0>
<PCB_study/Hexaboard.png, id=85, 360.34625pt x 316.18124pt>
File: PCB_study/Hexaboard.png Graphic file (type png)
<use PCB_study/Hexaboard.png>
Package pdftex.def Info: PCB_study/Hexaboard.png used on input line 331.
(pdftex.def)             Requested size: 204.85844pt x 179.74754pt.
<789FIG PCB_study/RPI.png 0>
<PCB_study/RPI.png, id=87, 425.59pt x 305.14pt>
File: PCB_study/RPI.png Graphic file (type png)
<use PCB_study/RPI.png>
Package pdftex.def Info: PCB_study/RPI.png used on input line 332.
(pdftex.def)             Requested size: 204.85844pt x 146.87991pt.
<789FIG PCB_study/Data_flow.png 0>
<PCB_study/Data_flow.png, id=88, 697.60625pt x 264.99pt>
File: PCB_study/Data_flow.png Graphic file (type png)
<use PCB_study/Data_flow.png>
Package pdftex.def Info: PCB_study/Data_flow.png used on input line 333.
(pdftex.def)             Requested size: 409.71689pt x 155.63515pt.
LaTeX Font Info:    Font shape `U/msa/m/n' will be
(Font)              scaled to size 10.42007pt on input line 339.
LaTeX Font Info:    Font shape `U/msa/m/n' will be
(Font)              scaled to size 7.91925pt on input line 339.
LaTeX Font Info:    Font shape `U/msa/m/n' will be
(Font)              scaled to size 6.25204pt on input line 339.
LaTeX Font Info:    Font shape `U/msb/m/n' will be
(Font)              scaled to size 10.42007pt on input line 339.
LaTeX Font Info:    Font shape `U/msb/m/n' will be
(Font)              scaled to size 7.91925pt on input line 339.
LaTeX Font Info:    Font shape `U/msb/m/n' will be
(Font)              scaled to size 6.25204pt on input line 339.
[3] [4 </Users/ms08962476/Latex_report/MOST_finalreport/notes/MOST-103-endRepor
t/trunk/PCB_study/Hexaboard.png> </Users/ms08962476/Latex_report/MOST_finalrepo
rt/notes/MOST-103-endReport/trunk/PCB_study/RPI.png> </Users/ms08962476/Latex_r
eport/MOST_finalreport/notes/MOST-103-endReport/trunk/PCB_study/Data_flow.png>]
<789FIG PCB_study/channelmap.pdf 1>
<PCB_study/channelmap.pdf, id=106, 845.04686pt x 597.50786pt>
File: PCB_study/channelmap.pdf Graphic file (type pdf)
<use PCB_study/channelmap.pdf>
Package pdftex.def Info: PCB_study/channelmap.pdf used on input line 353.
(pdftex.def)             Requested size: 409.71689pt x 289.69978pt.
<789FIG PCB_study/His_Pedestal.png 2>
<PCB_study/His_Pedestal.png, id=108, 336.25626pt x 229.85875pt>
File: PCB_study/His_Pedestal.png Graphic file (type png)
<use PCB_study/His_Pedestal.png>
Package pdftex.def Info: PCB_study/His_Pedestal.png used on input line 362.
(pdftex.def)             Requested size: 182.09485pt x 124.4761pt.
<789FIG PCB_study/His_charge.png 2>
<PCB_study/His_charge.png, id=109, 350.30875pt x 234.8775pt>
File: PCB_study/His_charge.png Graphic file (type png)
<use PCB_study/His_charge.png>
Package pdftex.def Info: PCB_study/His_charge.png used on input line 363.
(pdftex.def)             Requested size: 182.09485pt x 122.094pt.
<789FIG PCB_study/His_subtraction.png 2>
<PCB_study/His_subtraction.png, id=110, 350.30875pt x 236.885pt>
File: PCB_study/His_subtraction.png Graphic file (type png)
<use PCB_study/His_subtraction.png>
Package pdftex.def Info: PCB_study/His_subtraction.png used on input line 364.
(pdftex.def)             Requested size: 182.09485pt x 123.13753pt.
[5 </Users/ms08962476/Latex_report/MOST_finalreport/notes/MOST-103-endReport/tr
unk/PCB_study/channelmap.pdf, page is rotated 90 degrees>]
<789FIG PCB_study/HG_Chip0_channel18_Subtract_mean_Stability.pdf 3>

<PCB_study/HG_Chip0_channel18_Subtract_mean_Stability.pdf, id=129, 569.12625pt 
x 543.02875pt>
File: PCB_study/HG_Chip0_channel18_Subtract_mean_Stability.pdf Graphic file (ty
pe pdf)
<use PCB_study/HG_Chip0_channel18_Subtract_mean_Stability.pdf>
Package pdftex.def Info: PCB_study/HG_Chip0_channel18_Subtract_mean_Stability.p
df used on input line 374.
(pdftex.def)             Requested size: 182.09485pt x 173.74788pt.
<789FIG PCB_study/HG_Chip0_channel22_Subtract_mean_Stability.pdf 3>

<PCB_study/HG_Chip0_channel22_Subtract_mean_Stability.pdf, id=130, 569.12625pt 
x 543.02875pt>
File: PCB_study/HG_Chip0_channel22_Subtract_mean_Stability.pdf Graphic file (ty
pe pdf)
<use PCB_study/HG_Chip0_channel22_Subtract_mean_Stability.pdf>
Package pdftex.def Info: PCB_study/HG_Chip0_channel22_Subtract_mean_Stability.p
df used on input line 375.
(pdftex.def)             Requested size: 182.09485pt x 173.74788pt.
<789FIG PCB_study/HG_Chip0_channel18_Pedestal_TS4_Subtract_mean_and_RMS.pdf 4>

<PCB_study/HG_Chip0_channel18_Pedestal_TS4_Subtract_mean_and_RMS.pdf, id=132, 5
69.12625pt x 543.02875pt>
File: PCB_study/HG_Chip0_channel18_Pedestal_TS4_Subtract_mean_and_RMS.pdf Graph
ic file (type pdf)
<use PCB_study/HG_Chip0_channel18_Pedestal_TS4_Subtract_mean_and_RMS.pdf>
Package pdftex.def Info: PCB_study/HG_Chip0_channel18_Pedestal_TS4_Subtract_mea
n_and_RMS.pdf used on input line 385.
(pdftex.def)             Requested size: 182.09485pt x 173.74788pt.
<789FIG PCB_study/HG_Chip0_channel22_Pedestal_TS4_Subtract_mean_and_RMS.pdf 4>

<PCB_study/HG_Chip0_channel22_Pedestal_TS4_Subtract_mean_and_RMS.pdf, id=133, 5
69.12625pt x 543.02875pt>
File: PCB_study/HG_Chip0_channel22_Pedestal_TS4_Subtract_mean_and_RMS.pdf Graph
ic file (type pdf)
<use PCB_study/HG_Chip0_channel22_Pedestal_TS4_Subtract_mean_and_RMS.pdf>
Package pdftex.def Info: PCB_study/HG_Chip0_channel22_Pedestal_TS4_Subtract_mea
n_and_RMS.pdf used on input line 386.
(pdftex.def)             Requested size: 182.09485pt x 173.74788pt.
<789FIG PCB_study/HG_Chip0_channel44_Pedestal_TS4_Subtract_mean_and_RMS.pdf 4>

<PCB_study/HG_Chip0_channel44_Pedestal_TS4_Subtract_mean_and_RMS.pdf, id=134, 5
69.12625pt x 543.02875pt>
File: PCB_study/HG_Chip0_channel44_Pedestal_TS4_Subtract_mean_and_RMS.pdf Graph
ic file (type pdf)
<use PCB_study/HG_Chip0_channel44_Pedestal_TS4_Subtract_mean_and_RMS.pdf>
Package pdftex.def Info: PCB_study/HG_Chip0_channel44_Pedestal_TS4_Subtract_mea
n_and_RMS.pdf used on input line 387.
(pdftex.def)             Requested size: 182.09485pt x 173.74788pt.
<789FIG PCB_study/HG_Chip0_channel52_Pedestal_TS4_Subtract_mean_and_RMS.pdf 4>

<PCB_study/HG_Chip0_channel52_Pedestal_TS4_Subtract_mean_and_RMS.pdf, id=135, 5
69.12625pt x 543.02875pt>
File: PCB_study/HG_Chip0_channel52_Pedestal_TS4_Subtract_mean_and_RMS.pdf Graph
ic file (type pdf)
<use PCB_study/HG_Chip0_channel52_Pedestal_TS4_Subtract_mean_and_RMS.pdf>
Package pdftex.def Info: PCB_study/HG_Chip0_channel52_Pedestal_TS4_Subtract_mea
n_and_RMS.pdf used on input line 388.
(pdftex.def)             Requested size: 182.09485pt x 173.74788pt.
[6 </Users/ms08962476/Latex_report/MOST_finalreport/notes/MOST-103-endReport/tr
unk/PCB_study/His_Pedestal.png> </Users/ms08962476/Latex_report/MOST_finalrepor
t/notes/MOST-103-endReport/trunk/PCB_study/His_charge.png> </Users/ms08962476/L
atex_report/MOST_finalreport/notes/MOST-103-endReport/trunk/PCB_study/His_subtr
action.png>] [7 </Users/ms08962476/Latex_report/MOST_finalreport/notes/MOST-103
-endReport/trunk/PCB_study/HG_Chip0_channel18_Subtract_mean_Stability.pdf, page
 is rotated 90 degrees> </Users/ms08962476/Latex_report/MOST_finalreport/notes/
MOST-103-endReport/trunk/PCB_study/HG_Chip0_channel22_Subtract_mean_Stability.p
df, page is rotated 90 degrees> </Users/ms08962476/Latex_report/MOST_finalrepor
t/notes/MOST-103-endReport/trunk/PCB_study/HG_Chip0_channel18_Pedestal_TS4_Subt
ract_mean_and_RMS.pdf, page is rotated 90 degrees> </Users/ms08962476/Latex_rep
ort/MOST_finalreport/notes/MOST-103-endReport/trunk/PCB_study/HG_Chip0_channel2
2_Pedestal_TS4_Subtract_mean_and_RMS.pdf, page is rotated 90 degrees> </Users/m
s08962476/Latex_report/MOST_finalreport/notes/MOST-103-endReport/trunk/PCB_stud
y/HG_Chip0_channel44_Pedestal_TS4_Subtract_mean_and_RMS.pdf, page is rotated 90
 degrees> </Users/ms08962476/Latex_report/MOST_finalreport/notes/MOST-103-endRe
port/trunk/PCB_study/HG_Chip0_channel52_Pedestal_TS4_Subtract_mean_and_RMS.pdf,
 page is rotated 90 degrees>]
Overfull \hbox (0.17503pt too wide) in paragraph at lines 402--403
[]\OT1/ppl/m/n/12 I did this study with Prof.Stathes Pa-ga-nis, Prof.Rong-Shaya
ng Lu, mas-ter stu-dent Chia-
 []

[8]
LaTeX Font Info:    Font shape `OT1/ppl/bx/n' in size <12> not available
(Font)              Font shape `OT1/ppl/b/n' tried instead on input line 425.

LaTeX Warning: Reference `' on page 9 undefined on input line 425.


LaTeX Warning: Reference `' on page 9 undefined on input line 425.


LaTeX Warning: Reference `' on page 9 undefined on input line 425.


Overfull \hbox (5.08287pt too wide) in paragraph at lines 425--426
\OT1/ppl/m/n/12 by a hadronic com-part-ment (CE-H) with For-ward re-gion(FH) an
d Back-ward re-gion(BH)
 []

[9]

LaTeX Warning: Reference `' on page 10 undefined on input line 427.


LaTeX Warning: Reference `' on page 10 undefined on input line 435.


LaTeX Warning: Reference `' on page 10 undefined on input line 435.


LaTeX Warning: Reference `' on page 10 undefined on input line 437.

[10]
Overfull \hbox (4.17116pt too wide) in paragraph at lines 443--444
[]\OT1/ppl/m/n/12 Early EM-showering: Those events have the sim-i-lar be-hav-io
r, such as shower
 []


LaTeX Warning: Reference `' on page 11 undefined on input line 453.

<789FIG PCB_study/HG_Chip0_channel18_Pedestal_TS4_Subtract_mean_and_RMS.pdf 5>
File: PCB_study/HG_Chip0_channel18_Pedestal_TS4_Subtract_mean_and_RMS.pdf Graph
ic file (type pdf)
<use PCB_study/HG_Chip0_channel18_Pedestal_TS4_Subtract_mean_and_RMS.pdf>
Package pdftex.def Info: PCB_study/HG_Chip0_channel18_Pedestal_TS4_Subtract_mea
n_and_RMS.pdf used on input line 457.
(pdftex.def)             Requested size: 182.09485pt x 173.74788pt.
<789FIG PCB_study/HG_Chip0_channel22_Pedestal_TS4_Subtract_mean_and_RMS.pdf 5>
File: PCB_study/HG_Chip0_channel22_Pedestal_TS4_Subtract_mean_and_RMS.pdf Graph
ic file (type pdf)
<use PCB_study/HG_Chip0_channel22_Pedestal_TS4_Subtract_mean_and_RMS.pdf>
Package pdftex.def Info: PCB_study/HG_Chip0_channel22_Pedestal_TS4_Subtract_mea
n_and_RMS.pdf used on input line 458.
(pdftex.def)             Requested size: 182.09485pt x 173.74788pt.
<789FIG PCB_study/HG_Chip0_channel44_Pedestal_TS4_Subtract_mean_and_RMS.pdf 5>
File: PCB_study/HG_Chip0_channel44_Pedestal_TS4_Subtract_mean_and_RMS.pdf Graph
ic file (type pdf)
<use PCB_study/HG_Chip0_channel44_Pedestal_TS4_Subtract_mean_and_RMS.pdf>
Package pdftex.def Info: PCB_study/HG_Chip0_channel44_Pedestal_TS4_Subtract_mea
n_and_RMS.pdf used on input line 459.
(pdftex.def)             Requested size: 182.09485pt x 173.74788pt.
<789FIG PCB_study/HG_Chip0_channel52_Pedestal_TS4_Subtract_mean_and_RMS.pdf 5>
File: PCB_study/HG_Chip0_channel52_Pedestal_TS4_Subtract_mean_and_RMS.pdf Graph
ic file (type pdf)
<use PCB_study/HG_Chip0_channel52_Pedestal_TS4_Subtract_mean_and_RMS.pdf>
Package pdftex.def Info: PCB_study/HG_Chip0_channel52_Pedestal_TS4_Subtract_mea
n_and_RMS.pdf used on input line 460.
(pdftex.def)             Requested size: 182.09485pt x 173.74788pt.
<567INP finalReport_temp.bbl>

(/Users/ms08962476/Latex_report/MOST_finalreport/notes/tmp/finalReport_temp.bbl
)
Package atveryend Info: Empty hook `BeforeClearDocument' on input line 1723.
[11] [12]
Package atveryend Info: Empty hook `AfterLastShipout' on input line 1723.

(/Users/ms08962476/Latex_report/MOST_finalreport/notes/tmp/finalReport_temp.aux
)
Package atveryend Info: Executing hook `AtVeryEndDocument' on input line 1723.
Package atveryend Info: Executing hook `AtEndAfterFileList' on input line 1723.

Package rerunfilecheck Info: File `finalReport_temp.out' has not changed.
(rerunfilecheck)             Checksum: 2A0D11357712A8F8B5EC3BF17FA8A548;966.

LaTeX Warning: There were undefined references.


LaTeX Warning: There were multiply-defined labels.

Package atveryend Info: Empty hook `AtVeryVeryEnd' on input line 1723.
 ) 
Here is how much of TeX's memory you used:
 10392 strings out of 492995
 147651 string characters out of 6132704
 254833 words of memory out of 5000000
 13708 multiletter control sequences out of 15000+600000
 39597 words of font info for 97 fonts, out of 8000000 for 9000
 1144 hyphenation exceptions out of 8191
 51i,12n,45p,1518b,407s stack positions out of 5000i,500n,10000p,200000b,80000s
{/usr/local/texlive/2017/texmf-dist/fonts/enc/dvips/base/8r.enc}</usr/local/t
exlive/2017/texmf-dist/fonts/type1/public/amsfonts/cm/cmmi10.pfb></usr/local/te
xlive/2017/texmf-dist/fonts/type1/public/amsfonts/cm/cmr10.pfb></usr/local/texl
ive/2017/texmf-dist/fonts/type1/public/amsfonts/cm/cmsy10.pfb></usr/local/texli
ve/2017/texmf-dist/fonts/type1/public/mathpazo/fplmri.pfb></usr/local/texlive/2
017/texmf-dist/fonts/type1/urw/helvetic/uhvb8a.pfb></usr/local/texlive/2017/tex
mf-dist/fonts/type1/urw/helvetic/uhvr8a.pfb></usr/local/texlive/2017/texmf-dist
/fonts/type1/urw/palatino/uplb8a.pfb></usr/local/texlive/2017/texmf-dist/fonts/
type1/urw/palatino/uplr8a.pfb></usr/local/texlive/2017/texmf-dist/fonts/type1/u
rw/palatino/uplri8a.pfb>
Output written on finalReport_temp.pdf (14 pages, 762782 bytes).
PDF statistics:
 479 PDF objects out of 1000 (max. 8388607)
 280 compressed objects within 3 object streams
 37 named destinations out of 1000 (max. 500000)
 154 words of extra memory for PDF output out of 10000 (max. 10000000)

